
[1mRooFit v3.60 -- Developed by Wouter Verkerke and David Kirkby[0m 
                Copyright (C) 2000-2013 NIKHEF, University of California & Stanford University
                All rights reserved, please read http://roofit.sourceforge.net/license.txt

Folder absolute path: /home/syp/.sync/Dropbox/researches/umd-franco/histfactory-fitter-demo/inputs
Loading /home/syp/.sync/Dropbox/researches/umd-franco/histfactory-fitter-demo/inputs/spec.yml
Working on n-tuple: demo.root
  Loading h_sigmu as h_sigmu
    with a normalization factor 3.1746e-06
  Loading h_sigmu_v1p as h_sigmu_v1p
    with a normalization factor 3.1746e-06
  Loading h_sigmu_v1m as h_sigmu_v1m
    with a normalization factor 3.1746e-06
  Loading h_sigmu_v2p as h_sigmu_v2p
    with a normalization factor 3.1746e-06
  Loading h_sigmu_v2m as h_sigmu_v2m
    with a normalization factor 3.1746e-06
  Loading h_sigmu_v3p as h_sigmu_v3p
    with a normalization factor 3.1746e-06
  Loading h_sigmu_v3m as h_sigmu_v3m
    with a normalization factor 3.1746e-06
  Loading h_sigtau as h_sigtau
    with a normalization factor 9.25955e-05
  Loading h_sigtau_v1p as h_sigtau_v1p
    with a normalization factor 9.25955e-05
  Loading h_sigtau_v1m as h_sigtau_v1m
    with a normalization factor 9.25955e-05
  Loading h_sigtau_v2p as h_sigtau_v2p
    with a normalization factor 9.25955e-05
  Loading h_sigtau_v2m as h_sigtau_v2m
    with a normalization factor 9.25955e-05
  Loading h_sigtau_v3p as h_sigtau_v3p
    with a normalization factor 9.25955e-05
  Loading h_sigtau_v3m as h_sigtau_v3m
    with a normalization factor 9.25955e-05
  Loading h_sigtau_v4p as h_sigtau_v4p
    with a normalization factor 9.25955e-05
  Loading h_sigtau_v4m as h_sigtau_v4m
    with a normalization factor 9.25955e-05
  Loading h_D1 as h_D1
    with a normalization factor 0.000112256
  Loading h_D1IWp as h_D1IWp
    with a normalization factor 0.000112256
  Loading h_D1IWm as h_D1IWm
    with a normalization factor 0.000112256
  Loading h_misID as h_misID
    with a normalization factor 0.000179124
  Loading h_data as h_data
    with a normalization factor 1.12089e-05
--- RooAbsArg ---
  Value State: DIRTY
  Shape State: DIRTY
  Attributes: 
  Address: 0x7ffc6240e9a0
  Clients: 
  Servers: 
    (0x2665e60,V-) RooHistFunc::h_sigmu_Dstmu_kinematic_Hist_alphanominal ""
    (0x21f4f90,V-) RooRealVar::obs_x_Dstmu_kinematic "obs_x_Dstmu_kinematic"
    (0x26559e0,V-) RooRealVar::obs_y_Dstmu_kinematic "obs_y_Dstmu_kinematic"
    (0x25e0880,V-) RooRealVar::obs_z_Dstmu_kinematic "obs_z_Dstmu_kinematic"
    (0x22e9770,V-) RooHistFunc::h_sigmu_Dstmu_kinematic_Hist_alpha_0low ""
    (0x23c4cb0,V-) RooHistFunc::h_sigmu_Dstmu_kinematic_Hist_alpha_1low ""
    (0x257e680,V-) RooHistFunc::h_sigmu_Dstmu_kinematic_Hist_alpha_2low ""
    (0x2de0240,V-) RooHistFunc::h_sigmu_Dstmu_kinematic_Hist_alpha_0high ""
    (0x2de4c90,V-) RooHistFunc::h_sigmu_Dstmu_kinematic_Hist_alpha_1high ""
    (0x2de1b80,V-) RooHistFunc::h_sigmu_Dstmu_kinematic_Hist_alpha_2high ""
    (0x2c38b90,V-) RooRealVar::alpha_v1mu "alpha_v1mu"
    (0x2c26b40,V-) RooRealVar::alpha_v2mu "alpha_v2mu"
    (0xf9bf20,V-) RooRealVar::alpha_v3mu "alpha_v3mu"
  Proxies: 
    !depList -> 
      1)  obs_x_Dstmu_kinematic
      2)  obs_y_Dstmu_kinematic
      3)  obs_z_Dstmu_kinematic
    !nominal -> h_sigmu_Dstmu_kinematic_Hist_alphanominal
    !lowSet -> 
      1)  h_sigmu_Dstmu_kinematic_Hist_alpha_0low
      2)  h_sigmu_Dstmu_kinematic_Hist_alpha_1low
      3)  h_sigmu_Dstmu_kinematic_Hist_alpha_2low
    !highSet -> 
      1)  h_sigmu_Dstmu_kinematic_Hist_alpha_0high
      2)  h_sigmu_Dstmu_kinematic_Hist_alpha_1high
      3)  h_sigmu_Dstmu_kinematic_Hist_alpha_2high
    !paramSet -> 
      1)  alpha_v1mu
      2)  alpha_v2mu
      3)  alpha_v3mu
--- RooAbsReal ---

  Plot label is "h_sigmu_Dstmu_kinematic_Hist_alpha"
--- RooAbsArg ---
  Value State: DIRTY
  Shape State: DIRTY
  Attributes: 
  Address: 0x7ffc6240e9a0
  Clients: 
  Servers: 
    (0x528b3d0,V-) RooHistFunc::h_sigtau_Dstmu_kinematic_Hist_alphanominal ""
    (0x21f4f90,V-) RooRealVar::obs_x_Dstmu_kinematic "obs_x_Dstmu_kinematic"
    (0x26559e0,V-) RooRealVar::obs_y_Dstmu_kinematic "obs_y_Dstmu_kinematic"
    (0x25e0880,V-) RooRealVar::obs_z_Dstmu_kinematic "obs_z_Dstmu_kinematic"
    (0x3ebc560,V-) RooHistFunc::h_sigtau_Dstmu_kinematic_Hist_alpha_0low ""
    (0x3eb2d80,V-) RooHistFunc::h_sigtau_Dstmu_kinematic_Hist_alpha_1low ""
    (0x2dd5550,V-) RooHistFunc::h_sigtau_Dstmu_kinematic_Hist_alpha_2low ""
    (0x52870d0,V-) RooHistFunc::h_sigtau_Dstmu_kinematic_Hist_alpha_3low ""
    (0x3eb1f60,V-) RooHistFunc::h_sigtau_Dstmu_kinematic_Hist_alpha_0high ""
    (0x4126020,V-) RooHistFunc::h_sigtau_Dstmu_kinematic_Hist_alpha_1high ""
    (0x4a96160,V-) RooHistFunc::h_sigtau_Dstmu_kinematic_Hist_alpha_2high ""
    (0x53f6640,V-) RooHistFunc::h_sigtau_Dstmu_kinematic_Hist_alpha_3high ""
    (0x4d2c5e0,V-) RooRealVar::alpha_v1tau "alpha_v1tau"
    (0x3274560,V-) RooRealVar::alpha_v2tau "alpha_v2tau"
    (0x3f542b0,V-) RooRealVar::alpha_v3tau "alpha_v3tau"
    (0x4034600,V-) RooRealVar::alpha_v4tau "alpha_v4tau"
  Proxies: 
    !depList -> 
      1)  obs_x_Dstmu_kinematic
      2)  obs_y_Dstmu_kinematic
      3)  obs_z_Dstmu_kinematic
    !nominal -> h_sigtau_Dstmu_kinematic_Hist_alphanominal
    !lowSet -> 
      1)  h_sigtau_Dstmu_kinematic_Hist_alpha_0low
      2)  h_sigtau_Dstmu_kinematic_Hist_alpha_1low
      3)  h_sigtau_Dstmu_kinematic_Hist_alpha_2low
      4)  h_sigtau_Dstmu_kinematic_Hist_alpha_3low
    !highSet -> 
      1)  h_sigtau_Dstmu_kinematic_Hist_alpha_0high
      2)  h_sigtau_Dstmu_kinematic_Hist_alpha_1high
      3)  h_sigtau_Dstmu_kinematic_Hist_alpha_2high
      4)  h_sigtau_Dstmu_kinematic_Hist_alpha_3high
    !paramSet -> 
      1)  alpha_v1tau
      2)  alpha_v2tau
      3)  alpha_v3tau
      4)  alpha_v4tau
--- RooAbsReal ---

  Plot label is "h_sigtau_Dstmu_kinematic_Hist_alpha"
--- RooAbsArg ---
  Value State: DIRTY
  Shape State: DIRTY
  Attributes: 
  Address: 0x7ffc6240e9a0
  Clients: 
  Servers: 
    (0x54a27d0,V-) RooHistFunc::h_D1_Dstmu_kinematic_Hist_alphanominal ""
    (0x21f4f90,V-) RooRealVar::obs_x_Dstmu_kinematic "obs_x_Dstmu_kinematic"
    (0x26559e0,V-) RooRealVar::obs_y_Dstmu_kinematic "obs_y_Dstmu_kinematic"
    (0x25e0880,V-) RooRealVar::obs_z_Dstmu_kinematic "obs_z_Dstmu_kinematic"
    (0x3e757f0,V-) RooHistFunc::h_D1_Dstmu_kinematic_Hist_alpha_0low ""
    (0x3e749d0,V-) RooHistFunc::h_D1_Dstmu_kinematic_Hist_alpha_0high ""
    (0x4d2c9f0,V-) RooRealVar::alpha_IW "alpha_IW"
  Proxies: 
    !depList -> 
      1)  obs_x_Dstmu_kinematic
      2)  obs_y_Dstmu_kinematic
      3)  obs_z_Dstmu_kinematic
    !nominal -> h_D1_Dstmu_kinematic_Hist_alphanominal
    !lowSet -> 
      1)  h_D1_Dstmu_kinematic_Hist_alpha_0low
    !highSet -> 
      1)  h_D1_Dstmu_kinematic_Hist_alpha_0high
    !paramSet -> 
      1)  alpha_IW
--- RooAbsReal ---

  Plot label is "h_D1_Dstmu_kinematic_Hist_alpha"
--- RooAbsArg ---
  Value State: DIRTY
  Shape State: DIRTY
  Attributes:  [SnapShot_ExtRefClone] 
  Address: 0xcc60840
  Clients: 
    (0xcc5f690,V-) RooProduct::h_D1_Dstmu_kinematic_overallSyst_x_HistSyst "h_D1_Dstmu_kinematic_overallSyst_x_HistSyst"
  Servers: 
    (0xcc6f270,V-) RooHistFunc::h_D1_Dstmu_kinematic_Hist_alphanominal ""
    (0xcc71640,V-) RooHistFunc::h_D1_Dstmu_kinematic_Hist_alpha_0low ""
    (0xcc73a50,V-) RooHistFunc::h_D1_Dstmu_kinematic_Hist_alpha_0high ""
    (0xadd6890,V-) RooRealVar::alpha_IW "alpha_IW"
    (0x80d3cd0,V-) RooRealVar::obs_x_Dstmu_kinematic "obs_x_Dstmu_kinematic"
    (0x8086c20,V-) RooRealVar::obs_y_Dstmu_kinematic "obs_y_Dstmu_kinematic"
    (0x8087370,V-) RooRealVar::obs_z_Dstmu_kinematic "obs_z_Dstmu_kinematic"
  Proxies: 
    !depList -> 
      1)  obs_x_Dstmu_kinematic
      2)  obs_y_Dstmu_kinematic
      3)  obs_z_Dstmu_kinematic
    !nominal -> h_D1_Dstmu_kinematic_Hist_alphanominal
    !lowSet -> 
      1)  h_D1_Dstmu_kinematic_Hist_alpha_0low
    !highSet -> 
      1)  h_D1_Dstmu_kinematic_Hist_alpha_0high
    !paramSet -> 
      1)  alpha_IW
--- RooAbsReal ---

  Plot label is "h_D1_Dstmu_kinematic_Hist_alpha"
mcNorm_sigmu = 3.1746e-06
mcNorm_sigtau = 9.25955e-05
mcNorm_D1 = 0.000112256
Param of Interest: RawRDst
Saving PDF snapshot
DEBUG MESSAGE: USING PHOEBE'S PATCH
DEBUG MESSAGE: LOOPING OVER 5120 BINS
DEBUG MESSAGE: DONE!
Getting the RooRealSumPdf for the channel: model_Dstmu_kinematic
Found RooRealSumPdf: Dstmu_kinematic_model
Adding channel: model_Dstmu_kinematic to the barlow cache
  1) RooRealVar::                                                                         Lumi = 1
  2) RooRealVar::                                                                      NDstst0 = 0.102
  3) RooRealVar::                                                                       NmisID = 1
  4) RooRealVar::                                                                          Nmu = 50000
  5) RooRealVar::                                                                      RawRDst = 0.040335
  6) RooRealVar::                                                                   alpha_BFD1 = 0
  7) RooRealVar::                                                                     alpha_IW = 0
  8) RooRealVar::                                                                   alpha_v1mu = 0
  9) RooRealVar::                                                                  alpha_v1tau = 0
 10) RooRealVar::                                                                   alpha_v2mu = 0
 11) RooRealVar::                                                                  alpha_v2tau = 0
 12) RooRealVar::                                                                   alpha_v3mu = 0
 13) RooRealVar::                                                                  alpha_v3tau = 0
 14) RooRealVar::                                                                  alpha_v4tau = 0
 15) RooRealVar:: binWidth_obs_x_Dstmu_kinematic_obs_y_Dstmu_kinematic_obs_z_Dstmu_kinematic_0 = 1.36752e-08
 16) RooRealVar:: binWidth_obs_x_Dstmu_kinematic_obs_y_Dstmu_kinematic_obs_z_Dstmu_kinematic_1 = 1.36752e-08
 17) RooRealVar:: binWidth_obs_x_Dstmu_kinematic_obs_y_Dstmu_kinematic_obs_z_Dstmu_kinematic_2 = 1.36752e-08
 18) RooRealVar:: binWidth_obs_x_Dstmu_kinematic_obs_y_Dstmu_kinematic_obs_z_Dstmu_kinematic_3 = 1.36752e-08
 19) RooRealVar::                                                                          fD1 = 3.2
 20) RooRealVar::                                                                    mcNorm_D1 = 0.000112256
 21) RooRealVar::                                                                 mcNorm_sigmu = 3.1746e-06
 22) RooRealVar::                                                                mcNorm_sigtau = 9.25955e-05
 23) RooRealVar::                                                               nom_alpha_BFD1 = 0
 24) RooRealVar::                                                                 nom_alpha_IW = 0
 25) RooRealVar::                                                               nom_alpha_v1mu = 0
 26) RooRealVar::                                                              nom_alpha_v1tau = 0
 27) RooRealVar::                                                               nom_alpha_v2mu = 0
 28) RooRealVar::                                                              nom_alpha_v2tau = 0
 29) RooRealVar::                                                               nom_alpha_v3mu = 0
 30) RooRealVar::                                                              nom_alpha_v3tau = 0
 31) RooRealVar::                                                              nom_alpha_v4tau = 0
 32) RooRealVar::                                                                  nominalLumi = 1
 **********
 **    9 **SET ERR         0.5
 **********
==============================
Minimizing the Minuit (Migrad)
 **********
 **   10 **SET STR           2
 **********
 NOW USING STRATEGY  2: MAKE SURE MINIMUM TRUE, ERRORS CORRECT  
 **********
 **   15 **HESSE        6000
 **********
 FIRST CALL TO USER FUNCTION AT NEW START POINT, WITH IFLAG=4.
 MINUIT WARNING IN HESSE   
 ============== Negative diagonal element 12 in Error Matrix
 MINUIT WARNING IN HESSE   
 ============== 54.1612 added to diagonal of error matrix
 EIGENVALUES OF SECOND-DERIVATIVE MATRIX:
        -5.9791e-01  2.3628e-01  4.3542e-01  7.8870e-01  9.1081e-01  9.9965e-01  9.9994e-01  9.9996e-01  1.0448e+00  1.2858e+00  1.6886e+00  3.2079e+00
 MINUIT WARNING IN HESSE   
 ============== MATRIX FORCED POS-DEF BY ADDING 0.601117 TO DIAGONAL.
 FCN=-1654.86 FROM HESSE     STATUS=NOT POSDEF    141 CALLS         142 TOTAL
                     EDM=1740.74    STRATEGY= 2      ERR MATRIX NOT POS-DEF
  EXT PARAMETER                APPROXIMATE     INTERNAL      INTERNAL  
  NO.   NAME      VALUE            ERROR       STEP SIZE       VALUE   
   1  Lumi         1.00000e+00   6.59021e-02   6.76640e-03  -9.27295e-01
   2  Nmu          5.00000e+04   4.53293e+02   1.18625e-03  -1.11977e+00
   3  RawRDst      4.03350e-02   4.00495e-02   3.97181e-02  -6.39330e-01
   4  alpha_BFD1   0.00000e+00   4.02521e-01   3.39690e-02   0.00000e+00
   5  alpha_IW     0.00000e+00   5.85243e-01   4.84728e-02   0.00000e+00
   6  alpha_v1mu   0.00000e+00   7.68576e-01   7.83899e-02   0.00000e+00
   7  alpha_v1tau   0.00000e+00   4.44246e-01   1.79479e-01   0.00000e+00
   8  alpha_v2mu   0.00000e+00   6.17206e-01   1.04599e-01   0.00000e+00
   9  alpha_v2tau   0.00000e+00   4.44621e-01   1.79799e-01   0.00000e+00
  10  alpha_v3mu   0.00000e+00   5.44704e-01   9.22955e-02   0.00000e+00
  11  alpha_v3tau   0.00000e+00   4.44302e-01   1.79843e-01   0.00000e+00
  12  alpha_v4tau   0.00000e+00   7.44900e+00   1.17822e-01   0.00000e+00
                               ERR DEF= 0.5
 EXTERNAL ERROR MATRIX.    NDIM=  66    NPAR= 12    ERR DEF=0.5
 ELEMENTS ABOVE DIAGONAL ARE NOT PRINTED.
  4.344e-03 
  2.574e+01  2.055e+05 
 -2.632e-03 -1.762e+01  1.758e-03 
  2.437e-02  1.599e+02 -1.647e-02  1.630e-01 
  3.537e-02  2.427e+02 -2.406e-02  2.260e-01  3.469e-01 
 -3.751e-02 -2.581e+02  2.549e-02 -2.380e-01 -3.542e-01  5.925e-01 
  6.315e-04  4.270e+00 -4.242e-04  3.961e-03  5.920e-03 -6.337e-03  1.979e-01 
 -1.668e-02 -1.139e+02  1.121e-02 -1.032e-01 -1.544e-01  1.508e-01 -2.698e-03  3.817e-01 
 -1.088e-03 -7.392e+00  7.351e-04 -6.903e-03 -1.004e-02  1.051e-02 -1.813e-04  4.674e-03  1.982e-01 
  9.108e-03  6.011e+01 -5.991e-03  5.514e-02  9.267e-02 -8.181e-02  1.424e-03 -3.251e-02 -2.533e-03  2.972e-01 
 -6.741e-06 -4.280e-02  4.084e-06 -3.254e-05 -1.389e-04  1.798e-04 -1.872e-06  3.958e-05  5.400e-06  5.798e-06  1.979e-01 
 -3.338e+00 -2.268e+04  2.255e+00 -2.115e+01 -3.110e+01  3.271e+01 -5.626e-01  1.441e+01  9.446e-01 -7.690e+00  1.498e-02 
 -3.338e+00 -2.268e+04  2.255e+00 -2.115e+01 -3.110e+01  3.271e+01 -5.626e-01  1.441e+01  9.446e-01 -7.690e+00  1.498e-02  2.912e+03 
ERR MATRIX NOT POS-DEF
 PARAMETER  CORRELATION COEFFICIENTS  
       NO.  GLOBAL      1      2      3      4      5      6      7      8      9     10     11     12
        1  0.96277   1.000  0.861 -0.952  0.916  0.911 -0.739  0.022 -0.410 -0.037  0.254 -0.000 -0.938
        2  0.93921   0.861  1.000 -0.927  0.874  0.909 -0.740  0.021 -0.407 -0.037  0.243 -0.000 -0.927
        3  0.99798  -0.952 -0.927  1.000 -0.973 -0.974  0.790 -0.023  0.433  0.039 -0.262  0.000  0.996
        4  0.97682   0.916  0.874 -0.973  1.000  0.950 -0.766  0.022 -0.414 -0.038  0.251 -0.000 -0.971
        5  0.97949   0.911  0.909 -0.974  0.950  1.000 -0.781  0.023 -0.424 -0.038  0.289 -0.001 -0.978
        6  0.79378  -0.739 -0.740  0.790 -0.766 -0.781  1.000 -0.019  0.317  0.031 -0.195  0.001  0.787
        7  0.02482   0.022  0.021 -0.023  0.022  0.023 -0.019  1.000 -0.010 -0.001  0.006 -0.000 -0.023
        8  0.43659  -0.410 -0.407  0.433 -0.414 -0.424  0.317 -0.010  1.000  0.017 -0.097  0.000  0.432
        9  0.03942  -0.037 -0.037  0.039 -0.038 -0.038  0.031 -0.001  0.017  1.000 -0.010  0.000  0.039
       10  0.31193   0.254  0.243 -0.262  0.251  0.289 -0.195  0.006 -0.097 -0.010  1.000  0.000 -0.261
       11  0.00528  -0.000 -0.000  0.000 -0.000 -0.001  0.001 -0.000  0.000  0.000  0.000  1.000  0.001
       12  0.99732  -0.938 -0.927  0.996 -0.971 -0.978  0.787 -0.023  0.432  0.039 -0.261  0.001  1.000
 ERR MATRIX NOT POS-DEF
 **********
 **   20 **MIGRAD        6000           1
 **********
 START MIGRAD MINIMIZATION.  STRATEGY  2.  CONVERGENCE WHEN EDM .LT. 1.00e-03
 MINUIT WARNING IN HESSE   
 ============== Negative diagonal element 12 in Error Matrix
 MINUIT WARNING IN HESSE   
 ============== 54.2226 added to diagonal of error matrix
 EIGENVALUES OF SECOND-DERIVATIVE MATRIX:
        -5.4457e-01  2.0915e-01  4.3368e-01  7.8828e-01  9.0994e-01  9.9965e-01  9.9993e-01  9.9996e-01  1.0450e+00  1.2916e+00  1.6975e+00  3.1700e+00
 MINUIT WARNING IN HESSE   
 ============== MATRIX FORCED POS-DEF BY ADDING 0.547740 TO DIAGONAL.
 FCN=-1654.86 FROM HESSE     STATUS=NOT POSDEF    121 CALLS         263 TOTAL
                     EDM=887.358    STRATEGY= 2      ERR MATRIX NOT POS-DEF
  EXT PARAMETER                APPROXIMATE        STEP         FIRST   
  NO.   NAME      VALUE            ERROR          SIZE      DERIVATIVE 
   1  Lumi         1.00000e+00   6.67846e-02   1.49509e-04  -1.65255e+03
   2  Nmu          5.00000e+04   4.44879e+02   1.79521e-05  -5.59222e+04
   3  RawRDst      4.03350e-02   4.00604e-02   8.77894e-04  -4.61367e+02
   4  alpha_BFD1   0.00000e+00   4.19261e-01   7.51796e-04  -8.06258e+02
   5  alpha_IW     0.00000e+00   6.33204e-01   1.06981e-03   5.12013e+01
   6  alpha_v1mu   0.00000e+00   8.03235e-01   7.83116e-02  -3.41194e+01
   7  alpha_v1tau   0.00000e+00   4.50841e-01   3.98958e-03  -4.09181e-01
   8  alpha_v2mu   0.00000e+00   6.31759e-01   2.29058e-03  -1.58351e+01
   9  alpha_v2tau   0.00000e+00   4.51231e-01   3.99435e-03  -1.64282e-01
  10  alpha_v3mu   0.00000e+00   5.70340e-01   2.03984e-03  -9.09321e+00
  11  alpha_v3tau   0.00000e+00   4.50954e-01   3.99493e-03   2.63188e-01
  12  alpha_v4tau   0.00000e+00   7.44013e+00   1.17643e-01  -7.76522e-02
                               ERR DEF= 0.5
 MIGRAD MINIMIZATION HAS CONVERGED.
 MIGRAD WILL VERIFY CONVERGENCE AND ERROR MATRIX.
 COVARIANCE MATRIX CALCULATED SUCCESSFULLY
 FCN=-3032.89 FROM MIGRAD    STATUS=CONVERGED     860 CALLS        1002 TOTAL
                     EDM=0.000164731    STRATEGY= 2      ERROR MATRIX ACCURATE 
  EXT PARAMETER                                   STEP         FIRST   
  NO.   NAME      VALUE            ERROR          SIZE      DERIVATIVE 
   1  Lumi         9.39366e-01   3.53493e-02   2.88725e-04  -5.66869e-03
   2  Nmu          6.37696e+04   4.36596e+02   3.80379e-05  -8.60372e-01
   3  RawRDst      4.04362e-02   4.38094e-03   1.14074e-03  -1.46171e-01
   4  alpha_BFD1  -1.56421e+00   2.87726e-01   2.13599e-03  -3.96417e-02
   5  alpha_IW    -2.08535e-01   1.68257e-01   1.94185e-03  -2.79818e-02
   6  alpha_v1mu   7.53920e-01   7.79111e-01   3.53343e-03   4.43059e-02
   7  alpha_v1tau   1.11322e-02   9.92996e-01   7.60229e-03  -8.47925e-03
   8  alpha_v2mu   3.24187e-01   9.23583e-01   4.31648e-03   1.23102e-02
   9  alpha_v2tau  -1.20347e-03   9.93196e-01   7.60510e-03   4.94936e-03
  10  alpha_v3mu   1.97397e-01   8.71969e-01   3.88751e-03   5.18793e-02
  11  alpha_v3tau  -4.89128e-04   9.93193e-01   7.60476e-03   2.83073e-03
  12  alpha_v4tau   4.17301e-02   1.67964e+00   1.29092e-02   2.27807e-02
                               ERR DEF= 0.5
 EXTERNAL ERROR MATRIX.    NDIM=  66    NPAR= 12    ERR DEF=0.5
 ELEMENTS ABOVE DIAGONAL ARE NOT PRINTED.
  1.250e-03 
 -2.655e+00  1.906e+05 
 -1.134e-04  3.685e-01  1.921e-05 
  2.292e-03 -9.935e+01 -5.631e-04  8.314e-02 
  8.063e-04  2.012e+00 -1.200e-05 -3.875e-03  2.834e-02 
 -1.035e-04 -3.037e+01  4.922e-04  4.814e-03  2.167e-02  6.090e-01 
 -3.037e-05  1.875e+00  5.577e-05 -3.141e-03  1.184e-03 -6.706e-04  9.993e-01 
 -2.722e-05 -4.996e+01 -7.387e-05  3.791e-02 -3.151e-03 -7.211e-02 -1.812e-05  8.568e-01 
  1.829e-06  4.462e-01  1.167e-05 -7.158e-04 -4.253e-04 -2.002e-03 -1.679e-05 -2.350e-04  9.997e-01 
  7.115e-04  9.894e+00 -7.771e-05 -7.614e-03 -4.778e-02  1.039e-02 -1.284e-03  3.305e-02 -1.382e-04  7.634e-01 
  1.709e-05 -7.810e-01 -3.170e-05  1.591e-03 -3.854e-04  6.536e-04  1.128e-04  1.705e-04  5.856e-05  6.628e-04  9.997e-01 
  3.072e-04 -2.676e+00 -1.252e-04  5.237e-03 -2.954e-03 -4.215e-03  2.475e-04  4.334e-04 -6.244e-05  2.715e-03 -5.133e-05 
  3.072e-04 -2.676e+00 -1.252e-04  5.237e-03 -2.954e-03 -4.215e-03  2.475e-04  4.334e-04 -6.244e-05  2.715e-03 -5.133e-05  2.934e+00 
 PARAMETER  CORRELATION COEFFICIENTS  
       NO.  GLOBAL      1      2      3      4      5      6      7      8      9     10     11     12
        1  0.77928   1.000 -0.172 -0.732  0.225  0.135 -0.004 -0.001 -0.001  0.000  0.023  0.000  0.005
        2  0.82869  -0.172  1.000  0.193 -0.789  0.027 -0.089  0.004 -0.124  0.001  0.026 -0.002 -0.004
        3  0.83564  -0.732  0.193  1.000 -0.446 -0.016  0.144  0.013 -0.018  0.003 -0.020 -0.007 -0.017
        4  0.86640   0.225 -0.789 -0.446  1.000 -0.080  0.021 -0.011  0.142 -0.002 -0.030  0.006  0.011
        5  0.41774   0.135  0.027 -0.016 -0.080  1.000  0.165  0.007 -0.020 -0.003 -0.325 -0.002 -0.010
        6  0.31698  -0.004 -0.089  0.144  0.021  0.165  1.000 -0.001 -0.100 -0.003  0.015  0.001 -0.003
        7  0.01952  -0.001  0.004  0.013 -0.011  0.007 -0.001  1.000 -0.000 -0.000 -0.001  0.000  0.000
        8  0.19875  -0.001 -0.124 -0.018  0.142 -0.020 -0.100 -0.000  1.000 -0.000  0.041  0.000  0.000
        9  0.00604   0.000  0.001  0.003 -0.002 -0.003 -0.003 -0.000 -0.000  1.000 -0.000  0.000 -0.000
       10  0.35306   0.023  0.026 -0.020 -0.030 -0.325  0.015 -0.001  0.041 -0.000  1.000  0.001  0.002
       11  0.01074   0.000 -0.002 -0.007  0.006 -0.002  0.001  0.000  0.000  0.000  0.001  1.000 -0.000
       12  0.02175   0.005 -0.004 -0.017  0.011 -0.010 -0.003  0.000  0.000 -0.000  0.002 -0.000  1.000
 **********
 **   25 **HESSE        6000
 **********
 COVARIANCE MATRIX CALCULATED SUCCESSFULLY
 FCN=-3032.89 FROM HESSE     STATUS=OK            115 CALLS        1117 TOTAL
                     EDM=0.000171002    STRATEGY= 2      ERROR MATRIX ACCURATE 
  EXT PARAMETER                                INTERNAL      INTERNAL  
  NO.   NAME      VALUE            ERROR       STEP SIZE       VALUE   
   1  Lumi         9.39366e-01   3.53740e-02   1.15490e-05  -9.47788e-01
   2  Nmu          6.37696e+04   4.35608e+02   7.60757e-06  -1.06022e+00
   3  RawRDst      4.04362e-02   4.38902e-03   2.28147e-04   5.64512e+00
   4  alpha_BFD1  -1.56421e+00   2.87020e-01   4.27198e-04  -5.48496e-01
   5  alpha_IW    -2.08535e-01   1.68272e-01   3.88369e-04  -3.07202e+00
   6  alpha_v1mu   7.53920e-01   7.78858e-01   7.06687e-04   9.43800e-02
   7  alpha_v1tau   1.11322e-02   9.92971e-01   1.52046e-03   2.22645e-03
   8  alpha_v2mu   3.24187e-01   9.23349e-01   8.63296e-04   4.05345e-02
   9  alpha_v2tau  -1.20347e-03   9.93189e-01   1.52102e-03  -2.40695e-04
  10  alpha_v3mu   1.97397e-01   8.71475e-01   7.77501e-04   2.46772e-02
  11  alpha_v3tau  -4.89128e-04   9.93196e-01   1.52095e-03  -9.78255e-05
  12  alpha_v4tau   4.17301e-02   1.69678e+00   5.16367e-04   1.41363e+02
                               ERR DEF= 0.5
 EXTERNAL ERROR MATRIX.    NDIM=  66    NPAR= 12    ERR DEF=0.5
 ELEMENTS ABOVE DIAGONAL ARE NOT PRINTED.
  1.251e-03 
 -2.649e+00  1.898e+05 
 -1.136e-04  3.658e-01  1.928e-05 
  2.292e-03 -9.872e+01 -5.629e-04  8.273e-02 
  8.051e-04  1.885e+00 -1.104e-05 -3.817e-03  2.835e-02 
 -1.047e-04 -3.070e+01  4.925e-04  5.043e-03  2.168e-02  6.086e-01 
 -1.772e-05  1.325e+00  5.240e-05 -2.679e-03  1.152e-03 -6.796e-04  9.992e-01 
 -2.374e-05 -5.002e+01 -7.449e-05  3.798e-02 -3.091e-03 -7.183e-02  1.717e-04  8.564e-01 
  2.585e-06  4.227e-01  1.151e-05 -7.017e-04 -4.237e-04 -2.007e-03 -2.753e-05 -2.404e-04  9.997e-01 
  7.244e-04  9.524e+00 -8.124e-05 -7.279e-03 -4.772e-02  1.035e-02 -1.325e-03  3.312e-02 -1.526e-04  7.625e-01 
  2.902e-05 -1.304e+00 -3.461e-05  2.023e-03 -4.007e-04  6.886e-04  1.059e-04  3.654e-04  4.648e-05  6.198e-04  9.997e-01 
  1.022e-03 -9.332e+00 -4.988e-04  2.053e-02 -1.299e-02 -1.946e-02  1.079e-03  1.497e-03 -6.504e-04  1.090e-02 -4.422e-04 
  1.022e-03 -9.332e+00 -4.988e-04  2.053e-02 -1.299e-02 -1.946e-02  1.079e-03  1.497e-03 -6.504e-04  1.090e-02 -4.422e-04  2.997e+00 
 PARAMETER  CORRELATION COEFFICIENTS  
       NO.  GLOBAL      1      2      3      4      5      6      7      8      9     10     11     12
        1  0.77960   1.000 -0.172 -0.732  0.225  0.135 -0.004 -0.001 -0.001  0.000  0.023  0.001  0.017
        2  0.82782  -0.172  1.000  0.191 -0.788  0.026 -0.090  0.003 -0.124  0.001  0.025 -0.003 -0.012
        3  0.83629  -0.732  0.191  1.000 -0.446 -0.015  0.144  0.012 -0.018  0.003 -0.021 -0.008 -0.066
        4  0.86579   0.225 -0.788 -0.446  1.000 -0.079  0.022 -0.009  0.143 -0.002 -0.029  0.007  0.041
        5  0.41863   0.135  0.026 -0.015 -0.079  1.000  0.165  0.007 -0.020 -0.003 -0.325 -0.002 -0.045
        6  0.31705  -0.004 -0.090  0.144  0.022  0.165  1.000 -0.001 -0.099 -0.003  0.015  0.001 -0.014
        7  0.01868  -0.001  0.003  0.012 -0.009  0.007 -0.001  1.000  0.000 -0.000 -0.002  0.000  0.001
        8  0.19924  -0.001 -0.124 -0.018  0.143 -0.020 -0.099  0.000  1.000 -0.000  0.041  0.000  0.001
        9  0.00601   0.000  0.001  0.003 -0.002 -0.003 -0.003 -0.000 -0.000  1.000 -0.000  0.000 -0.000
       10  0.35254   0.023  0.025 -0.021 -0.029 -0.325  0.015 -0.002  0.041 -0.000  1.000  0.001  0.007
       11  0.01161   0.001 -0.003 -0.008  0.007 -0.002  0.001  0.000  0.000  0.000  0.001  1.000 -0.000
       12  0.08932   0.017 -0.012 -0.066  0.041 -0.045 -0.014  0.001  0.001 -0.000  0.007 -0.000  1.000
0.000171002
 **********
 **   30 **MINOS        6000           3
 **********
 FCN=-3032.89 FROM MINOS     STATUS=SUCCESSFUL    320 CALLS        1437 TOTAL
                     EDM=0.000171002    STRATEGY= 2      ERROR MATRIX ACCURATE 
  EXT PARAMETER                  PARABOLIC         MINOS ERRORS        
  NO.   NAME      VALUE            ERROR      NEGATIVE      POSITIVE   
   1  Lumi         9.39366e-01   3.53740e-02                            
   2  Nmu          6.37696e+04   4.35608e+02                            
   3  RawRDst      4.04362e-02   4.38902e-03  -4.35450e-03   4.57066e-03
   4  alpha_BFD1  -1.56421e+00   2.87020e-01                            
   5  alpha_IW    -2.08535e-01   1.68272e-01                            
   6  alpha_v1mu   7.53920e-01   7.78858e-01                            
   7  alpha_v1tau   1.11322e-02   9.92971e-01                            
   8  alpha_v2mu   3.24187e-01   9.23349e-01                            
   9  alpha_v2tau  -1.20347e-03   9.93189e-01                            
  10  alpha_v3mu   1.97397e-01   8.71475e-01                            
  11  alpha_v3tau  -4.89128e-04   9.93196e-01                            
  12  alpha_v4tau   4.17301e-02   1.69678e+00                            
                               ERR DEF= 0.5
Fit ran with status 0
Stat error on R(D*) is 0.004389
EDM at end was 0.000171
RooArgList:: = (Lumi,Nmu,RawRDst,alpha_BFD1,alpha_IW,alpha_v1mu,alpha_v1tau,alpha_v2mu,alpha_v2tau,alpha_v3mu,alpha_v3tau,alpha_v4tau)
CURRENT NUISANCE PARAMETERS:
0: Lumi			 = 0.939366 +/- 0.035374
1: Nmu			 = 63769.6 +/- 435.608
3: alpha_BFD1			 = -1.56421 +/- 0.28702
4: alpha_IW			 = -0.208535 +/- 0.168272
5: alpha_v1mu			 = 0.75392 +/- 0.778858
6: alpha_v1tau			 = 0.0111322 +/- 0.992971
7: alpha_v2mu			 = 0.324187 +/- 0.923349
8: alpha_v2tau			 = -0.00120347 +/- 0.993189
9: alpha_v3mu			 = 0.197397 +/- 0.871475
10: alpha_v3tau			 = -0.000489128 +/- 0.993196
11: alpha_v4tau			 = 0.0417301 +/- 1.69678

12x12 matrix is as follows

     |       0    |       1    |       2    |       3    |       4    |
----------------------------------------------------------------------
   0 |          1     -0.1719     -0.7316      0.2253      0.1352 
   1 |    -0.1719           1      0.1912     -0.7879     0.02571 
   2 |    -0.7316      0.1912           1     -0.4457    -0.01493 
   3 |     0.2253     -0.7879     -0.4457           1    -0.07882 
   4 |     0.1352     0.02571    -0.01493    -0.07882           1 
   5 |  -0.003792    -0.09034      0.1438     0.02247       0.165 
   6 |  -0.000501    0.003042     0.01194   -0.009316    0.006845 
   7 | -0.0007253     -0.1241    -0.01833      0.1427    -0.01984 
   8 |  7.308e-05   0.0009704    0.002621    -0.00244   -0.002517 
   9 |    0.02345     0.02504    -0.02119    -0.02898     -0.3246 
  10 |  0.0008205   -0.002993   -0.007884    0.007033    -0.00238 
  11 |    0.01669    -0.01238    -0.06562     0.04123    -0.04456 


     |       5    |       6    |       7    |       8    |       9    |
----------------------------------------------------------------------
   0 |  -0.003792   -0.000501  -0.0007253   7.308e-05     0.02345 
   1 |   -0.09034    0.003042     -0.1241   0.0009704     0.02504 
   2 |     0.1438     0.01194    -0.01833    0.002621    -0.02119 
   3 |    0.02247   -0.009316      0.1427    -0.00244    -0.02898 
   4 |      0.165    0.006845    -0.01984   -0.002517     -0.3246 
   5 |          1  -0.0008716     -0.0995   -0.002573      0.0152 
   6 | -0.0008716           1   0.0001856  -2.754e-05   -0.001518 
   7 |    -0.0995   0.0001856           1  -0.0002598     0.04099 
   8 |  -0.002573  -2.754e-05  -0.0002598           1  -0.0001748 
   9 |     0.0152   -0.001518     0.04099  -0.0001748           1 
  10 |  0.0008828    0.000106   0.0003949   4.649e-05   0.0007099 
  11 |   -0.01441   0.0006238   0.0009345  -0.0003758    0.007214 


     |      10    |      11    |
----------------------------------------------------------------------
   0 |  0.0008205     0.01669 
   1 |  -0.002993    -0.01238 
   2 |  -0.007884    -0.06562 
   3 |   0.007033     0.04123 
   4 |   -0.00238    -0.04456 
   5 |  0.0008828    -0.01441 
   6 |   0.000106   0.0006238 
   7 |  0.0003949   0.0009345 
   8 |  4.649e-05  -0.0003758 
   9 |  0.0007099    0.007214 
  10 |          1  -0.0002554 
  11 | -0.0002554           1 

Stopwatch: fit ran in 73.016136 seconds with 19.918742 seconds in prep
Plot fit variables...
Info in <TCanvas::Print>: pdf file gen/c1.pdf has been created
Cleaning up...
